2019/11/01 21:56:19.515035 base.go:29: host=localhost user=postgres dbname=postgres sslmode=disable password=postgres
2019/11/01 21:56:20.257551 base.go:44: Success connect database
2019/11/01 21:56:20.258550 main.go:45: port : 
2019/11/01 21:59:19.079139 base.go:29: host=localhost user=postgres dbname=postgres sslmode=disable password=postgres
2019/11/01 21:59:19.786182 base.go:44: Success connect database
2019/11/01 21:59:50.977307 opration.model.go:48: 
	select 
	coalesce(nullif(hari,''),' ') as hari ,
	coalesce(nullif(buka,''),' ') as "buka",
	coalesce(nullif(tutup,''),' ') as "tutup"
	from oprasional where id_bengkel = '1'
2019/11/01 21:59:50.982296 opration.controller.go:43: map[code:true message:Success response:[]]
2019/11/01 21:59:50.983291 opration.controller.go:46: {"code":true,"message":"Success","response":null}
2019/11/01 22:00:26.860408 opration.model.go:48: 
	select 
	coalesce(nullif(hari,''),' ') as hari ,
	coalesce(nullif(buka,''),' ') as "buka",
	coalesce(nullif(tutup,''),' ') as "tutup"
	from oprasional where id_bengkel = '5'
2019/11/01 22:00:26.860408 opration.controller.go:43: map[code:true message:Success response:[]]
2019/11/01 22:00:26.860408 opration.controller.go:46: {"code":true,"message":"Success","response":null}
2019/11/01 22:00:40.917099 opration.model.go:48: 
	select 
	coalesce(nullif(hari,''),' ') as hari ,
	coalesce(nullif(buka,''),' ') as "buka",
	coalesce(nullif(tutup,''),' ') as "tutup"
	from oprasional where id_bengkel = '2'
2019/11/01 22:00:40.918093 opration.controller.go:43: map[code:true message:Success response:[{hari1 1 123} {hari2 2 321} {senin 08:00 16:00} {selasa 08:00 16:00} {rabu 08:00 16:00} {kamis 08:00 16:00} {jumat 08:00 16:00} {sabtu 08:00 16:00} {ahad 08:00 16:00} {kamis 08:00 16:00}]]
2019/11/01 22:00:40.918093 opration.controller.go:46: {"code":true,"message":"Success","response":[{"hari":"hari1","buka":"1","tutup":"123"},{"hari":"hari2","buka":"2","tutup":"321"},{"hari":"senin","buka":"08:00","tutup":"16:00"},{"hari":"selasa","buka":"08:00","tutup":"16:00"},{"hari":"rabu","buka":"08:00","tutup":"16:00"},{"hari":"kamis","buka":"08:00","tutup":"16:00"},{"hari":"jumat","buka":"08:00","tutup":"16:00"},{"hari":"sabtu","buka":"08:00","tutup":"16:00"},{"hari":"ahad","buka":"08:00","tutup":"16:00"},{"hari":"kamis","buka":"08:00","tutup":"16:00"}]}
